<?xml version="1.0" encoding="UTF-8"?>
<!-- Generated by org.testng.reporters.JUnitReportReporter -->
<testsuite hostname="DESKTOP-P6GQ53L" failures="0" tests="1" name="Day8.createUser" time="5.816" errors="0" timestamp="2023-11-23T20:33:52 IST" skipped="0">
  <testcase classname="Day8.createUser" name="testCreateUser" time="5.816"/>
  <system-out/>
</testsuite> <!-- Day8.createUser -->
