<?xml version="1.0" encoding="UTF-8"?>
<!-- Generated by org.testng.reporters.JUnitReportReporter -->
<testsuite hostname="DESKTOP-P6GQ53L" failures="0" tests="1" name="Day2.waysToCreatePOSTRequestBody" time="5.072" errors="0" timestamp="2023-11-09T20:04:31 IST" skipped="0">
  <testcase classname="Day2.waysToCreatePOSTRequestBody" name="postPOJO" time="5.072"/>
  <system-out/>
</testsuite> <!-- Day2.waysToCreatePOSTRequestBody -->
