<?xml version="1.0" encoding="UTF-8"?>
<!-- Generated by org.testng.reporters.JUnitReportReporter -->
<testsuite hostname="QASudeep" failures="0" tests="1" name="Day3.headersAndCookies" time="2.826" errors="0" timestamp="2024-03-17T20:05:37 IST" skipped="0">
  <testcase classname="Day3.headersAndCookies" name="testCookies" time="2.826"/>
  <system-out/>
</testsuite> <!-- Day3.headersAndCookies -->
