<?xml version="1.0" encoding="UTF-8"?>
<!-- Generated by org.testng.reporters.JUnitReportReporter -->
<testsuite hostname="QASudeep" failures="0" tests="1" name="ApachePoi.practice1" time="11.247" errors="0" timestamp="2024-03-02T12:14:58 IST" skipped="0">
  <testcase classname="ApachePoi.practice1" name="test1" time="11.247"/>
  <system-out/>
</testsuite> <!-- ApachePoi.practice1 -->
