<?xml version="1.0" encoding="UTF-8"?>
<!-- Generated by org.testng.reporters.JUnitReportReporter -->
<testsuite hostname="DESKTOP-P6GQ53L" failures="0" tests="1" name="Day8.deleteUser" time="1.783" errors="0" timestamp="2023-11-23T20:17:08 IST" skipped="0">
  <testcase classname="Day8.deleteUser" name="deleteUser" time="1.783"/>
  <system-out/>
</testsuite> <!-- Day8.deleteUser -->
