<?xml version="1.0" encoding="UTF-8"?>
<!-- Generated by org.testng.reporters.JUnitReportReporter -->
<testsuite hostname="DESKTOP-P6GQ53L" failures="0" tests="1" name="Day3.Logging" time="2.945" errors="0" timestamp="2023-11-12T12:40:33 IST" skipped="0">
  <testcase classname="Day3.Logging" name="test" time="2.945"/>
  <system-out/>
</testsuite> <!-- Day3.Logging -->
