<?xml version="1.0" encoding="UTF-8"?>
<!-- Generated by org.testng.reporters.JUnitReportReporter -->
<testsuite hostname="QASudeep" failures="0" tests="1" name="Day3.headersValidations" time="2.445" errors="0" timestamp="2024-03-17T20:06:24 IST" skipped="0">
  <testcase classname="Day3.headersValidations" name="testHeaders" time="2.445"/>
  <system-out/>
</testsuite> <!-- Day3.headersValidations -->
