<?xml version="1.0" encoding="UTF-8"?>
<!-- Generated by org.testng.reporters.JUnitReportReporter -->
<testsuite hostname="DESKTOP-P6GQ53L" failures="0" tests="2" name="Day6.serializationAndDeserialisation" time="0.380" errors="0" timestamp="2023-12-03T21:00:53 IST" skipped="0">
  <testcase classname="Day6.serializationAndDeserialisation" name="convertJSONtoPOJO" time="0.343"/>
  <system-out/>
  <testcase classname="Day6.serializationAndDeserialisation" name="convertPOJOtoJSON" time="0.037"/>
  <system-out/>
</testsuite> <!-- Day6.serializationAndDeserialisation -->
