<?xml version="1.0" encoding="UTF-8"?>
<!-- Generated by org.testng.reporters.JUnitReportReporter -->
<testsuite hostname="QASudeep" failures="0" tests="1" name="Day3.testPathAndQueryParameters" time="2.806" errors="0" timestamp="2024-03-17T20:06:51 IST" skipped="0">
  <testcase classname="Day3.testPathAndQueryParameters" name="test" time="2.806"/>
  <system-out/>
</testsuite> <!-- Day3.testPathAndQueryParameters -->
